0 info it worked if it ends with ok
1 verbose cli [ 'D:\\Program Files\\nodejs\\node.exe',
1 verbose cli   'C:\\Users\\NGUESSAN\\AppData\\Roaming\\npm\\node_modules\\npm\\bin\\npm-cli.js',
1 verbose cli   'start' ]
2 info using npm@3.10.6
3 info using node@v4.4.5
4 verbose run-script [ 'prestart', 'start', 'poststart' ]
5 info lifecycle peoplost@0.0.0~prestart: peoplost@0.0.0
6 silly lifecycle peoplost@0.0.0~prestart: no script for prestart, continuing
7 info lifecycle peoplost@0.0.0~start: peoplost@0.0.0
8 verbose lifecycle peoplost@0.0.0~start: unsafe-perm in lifecycle true
9 verbose lifecycle peoplost@0.0.0~start: PATH: C:\Users\NGUESSAN\AppData\Roaming\npm\node_modules\npm\bin\node-gyp-bin;C:\Users\NGUESSAN\Documents\Visual Studio 2013\Projects\portesdisparus\portesdisparus\Scripts\node-resemble-js\example\node_modules\.bin;C:\Program Files (x86)\iis express\PHP\v5.3;C:\Python34\;C:\Python34\Scripts;C:\ProgramData\Oracle\Java\javapath;C:\Program Files\Basler\pylon 3.2\pylon\bin\x64;C:\Program Files\Basler\pylon 3.2\pylon\bin\Win32;C:\Program Files\Basler\pylon 3.2\genicam\Bin\Win64_x64;C:\Program Files\Basler\pylon 3.2\pylonc\bin\Win32;C:\Program Files\Basler\pylon 3.2\pylonc\bin\x64;C:\Program Files\Basler\pylon 3.2\genicam\Bin\Win32_i86;C:\Program Files (x86)\iis express\PHP\v5.4;C:\WINDOWS\system32;C:\WINDOWS;C:\WINDOWS\System32\Wbem;C:\WINDOWS\System32\WindowsPowerShell\v1.0\;C:\Program Files\Microsoft SQL Server\110\Tools\Binn\;C:\Program Files\Microsoft\Web Platform Installer\;C:\Users\NGUESSAN\AppData\Local\Android\sdk;C:\Program Files\Microsoft SQL Server\120\Tools\Binn\;C:\Program Files (x86)\nodejs\node_modules\npm\lib;C:\opencv300\build\x86\vc11\bin;C:\Program Files (x86)\nodejs\;D:\Program Files\MATLAB\R2011a\runtime\win64;D:\Program Files\MATLAB\R2011a\bin;C:\Program Files\Microsoft SQL Server\110\DTS\Binn\;C:\Progr;C:\Program Files (x86)\Microsoft SQL Server\110\Tools\Binn\;C:\Program Files (x86)\Microsoft SQL Server\110\DTS\Binn\;C:\Program Files\Microsoft DNX\Dnvm\;D:\Program Files (x86)\Heroku\bin;D:\Program Files\Git\cmd;D:\Program Files\nodejs\;C:\Program Files (x86)\Skype\Phone\;C:\Users\NGUESSAN\.dnx\bin;D:\Anaconda3;D:\Anaconda3\Scripts;D:\Anaconda3\Library\bin;C:\Program Files (x86)\Java\jre7\bin;C:\OpenSSL-Win32\bin;C:\Users\NGUESSAN\AppData\Roaming\npm
10 verbose lifecycle peoplost@0.0.0~start: CWD: C:\Users\NGUESSAN\Documents\Visual Studio 2013\Projects\portesdisparus\portesdisparus\Scripts\node-resemble-js\example
11 silly lifecycle peoplost@0.0.0~start: Args: [ '/d /s /c', 'node example.js' ]
12 silly lifecycle peoplost@0.0.0~start: Returned: code: 1  signal: null
13 info lifecycle peoplost@0.0.0~start: Failed to exec start script
14 verbose stack Error: peoplost@0.0.0 start: `node example.js`
14 verbose stack Exit status 1
14 verbose stack     at EventEmitter.<anonymous> (C:\Users\NGUESSAN\AppData\Roaming\npm\node_modules\npm\lib\utils\lifecycle.js:255:16)
14 verbose stack     at emitTwo (events.js:87:13)
14 verbose stack     at EventEmitter.emit (events.js:172:7)
14 verbose stack     at ChildProcess.<anonymous> (C:\Users\NGUESSAN\AppData\Roaming\npm\node_modules\npm\lib\utils\spawn.js:40:14)
14 verbose stack     at emitTwo (events.js:87:13)
14 verbose stack     at ChildProcess.emit (events.js:172:7)
14 verbose stack     at maybeClose (internal/child_process.js:827:16)
14 verbose stack     at Process.ChildProcess._handle.onexit (internal/child_process.js:211:5)
15 verbose pkgid peoplost@0.0.0
16 verbose cwd C:\Users\NGUESSAN\Documents\Visual Studio 2013\Projects\portesdisparus\portesdisparus\Scripts\node-resemble-js\example
17 error Windows_NT 6.3.9600
18 error argv "D:\\Program Files\\nodejs\\node.exe" "C:\\Users\\NGUESSAN\\AppData\\Roaming\\npm\\node_modules\\npm\\bin\\npm-cli.js" "start"
19 error node v4.4.5
20 error npm  v3.10.6
21 error code ELIFECYCLE
22 error peoplost@0.0.0 start: `node example.js`
22 error Exit status 1
23 error Failed at the peoplost@0.0.0 start script 'node example.js'.
23 error Make sure you have the latest version of node.js and npm installed.
23 error If you do, this is most likely a problem with the peoplost package,
23 error not with npm itself.
23 error Tell the author that this fails on your system:
23 error     node example.js
23 error You can get information on how to open an issue for this project with:
23 error     npm bugs peoplost
23 error Or if that isn't available, you can get their info via:
23 error     npm owner ls peoplost
23 error There is likely additional logging output above.
24 verbose exit [ 1, true ]
